{"timestamp": "2025-08-12T11:54:37.154411+00:00", "level": "INFO", "message": "{'step': 'Metadata', 'caller': '_process_table', 'message': 'Fetching metadata for brapi'}", "logger": "checker_handler", "module": "checker_handler"}
{"timestamp": "2025-08-12T11:54:37.161578+00:00", "level": "INFO", "message": "{'step': 'Metadata', 'caller': '_process_table', 'message': 'brapi metadata fetched'}", "logger": "checker_handler", "module": "checker_handler"}
{"timestamp": "2025-08-12T11:54:37.168609+00:00", "level": "INFO", "message": "{'step': 'Checks', 'caller': '_process_table', 'message': 'silver.brapi using info from prices'}", "logger": "checker_handler", "module": "checker_handler"}
{"timestamp": "2025-08-12T11:54:37.169368+00:00", "level": "ERROR", "message": "Checks | silver.brapi: Failed to annotate", "logger": "checker_handler", "module": "checker_handler"}
{"timestamp": "2025-08-12T11:54:37.170177+00:00", "level": "ERROR", "message": "'str' object has no attribute 'withColumn'", "logger": "checker_handler", "module": "checker_handler"}
{"timestamp": "2025-08-12T11:54:37.177216+00:00", "level": "INFO", "message": "{'step': 'Metadata', 'caller': '_process_table', 'message': 'Fetching metadata for brapi'}", "logger": "checker_handler", "module": "checker_handler"}
{"timestamp": "2025-08-12T11:54:37.185772+00:00", "level": "INFO", "message": "{'step': 'Metadata', 'caller': '_process_table', 'message': 'brapi metadata fetched'}", "logger": "checker_handler", "module": "checker_handler"}
{"timestamp": "2025-08-12T11:54:37.216000+00:00", "level": "INFO", "message": "{'step': 'Checks', 'caller': '_process_table', 'message': 'silver.brapi using info from summary_profile'}", "logger": "checker_handler", "module": "checker_handler"}
{"timestamp": "2025-08-12T11:54:37.217515+00:00", "level": "ERROR", "message": "Checks | silver.brapi: Failed to annotate", "logger": "checker_handler", "module": "checker_handler"}
{"timestamp": "2025-08-12T11:54:37.221768+00:00", "level": "ERROR", "message": "'str' object has no attribute 'withColumn'", "logger": "checker_handler", "module": "checker_handler"}
{"timestamp": "2025-08-12T15:45:46.804056+00:00", "level": "ERROR", "message": "Compilation | Compilation failed because of 'str' object has no attribute 'get'", "logger": "checker_handler", "module": "checker_handler"}
{"timestamp": "2025-08-12T15:50:27.008483+00:00", "level": "ERROR", "message": "Compilation | Compilation failed because of 'str' object has no attribute 'get'", "logger": "checker_handler", "module": "checker_handler"}
{"timestamp": "2025-08-12T16:26:40.612513+00:00", "level": "ERROR", "message": "Compilation | Compilation failed because of not enough values to unpack (expected 6, got 5)", "logger": "checker_handler", "module": "checker_handler"}
{"timestamp": "2025-08-12T16:29:34.228898+00:00", "level": "ERROR", "message": "Compilation | Compilation failed because of not enough values to unpack (expected 6, got 5)", "logger": "checker_handler", "module": "checker_handler"}
{"timestamp": "2025-08-12T16:30:21.798020+00:00", "level": "ERROR", "message": "Compilation | Compilation failed because of not enough values to unpack (expected 6, got 5)", "logger": "checker_handler", "module": "checker_handler"}
{"timestamp": "2025-08-12T16:33:39.505481+00:00", "level": "INFO", "message": "{'step': 'Metadata', 'caller': '_process_table', 'message': 'Fetching metadata for prices'}", "logger": "checker_handler", "module": "checker_handler"}
{"timestamp": "2025-08-12T16:33:39.528189+00:00", "level": "INFO", "message": "{'step': 'Metadata', 'caller': '_process_table', 'message': 'prices metadata fetched'}", "logger": "checker_handler", "module": "checker_handler"}
{"timestamp": "2025-08-12T16:33:39.549773+00:00", "level": "INFO", "message": "{'step': 'Checks', 'caller': '_process_table', 'message': 'silver.prices using info from silver/prices/prices.yml'}", "logger": "checker_handler", "module": "checker_handler"}
{"timestamp": "2025-08-12T16:33:39.555033+00:00", "level": "ERROR", "message": "Checks | silver.prices: Failed to annotate", "logger": "checker_handler", "module": "checker_handler"}
{"timestamp": "2025-08-12T16:33:39.558065+00:00", "level": "ERROR", "message": "name 'df_key' is not defined", "logger": "checker_handler", "module": "checker_handler"}
{"timestamp": "2025-08-12T16:33:39.569130+00:00", "level": "INFO", "message": "{'step': 'Metadata', 'caller': '_process_table', 'message': 'Fetching metadata for summary_profile'}", "logger": "checker_handler", "module": "checker_handler"}
{"timestamp": "2025-08-12T16:33:39.577479+00:00", "level": "INFO", "message": "{'step': 'Metadata', 'caller': '_process_table', 'message': 'summary_profile metadata fetched'}", "logger": "checker_handler", "module": "checker_handler"}
{"timestamp": "2025-08-12T16:33:39.587253+00:00", "level": "INFO", "message": "{'step': 'Checks', 'caller': '_process_table', 'message': 'silver.summary_profile using info from silver/summary_profile/summary_profile.yml'}", "logger": "checker_handler", "module": "checker_handler"}
{"timestamp": "2025-08-12T16:33:39.596032+00:00", "level": "ERROR", "message": "Checks | silver.summary_profile: Failed to annotate", "logger": "checker_handler", "module": "checker_handler"}
{"timestamp": "2025-08-12T16:33:39.599406+00:00", "level": "ERROR", "message": "name 'df_key' is not defined", "logger": "checker_handler", "module": "checker_handler"}
{"timestamp": "2025-08-12T16:37:28.593277+00:00", "level": "INFO", "message": "{'step': 'Metadata', 'caller': '_process_table', 'message': 'Fetching metadata for prices'}", "logger": "checker_handler", "module": "checker_handler"}
{"timestamp": "2025-08-12T16:37:29.037071+00:00", "level": "INFO", "message": "{'step': 'Metadata', 'caller': '_process_table', 'message': 'prices metadata fetched'}", "logger": "checker_handler", "module": "checker_handler"}
{"timestamp": "2025-08-12T16:37:29.734576+00:00", "level": "INFO", "message": "{'step': 'Checks', 'caller': '_process_table', 'message': 'silver.prices using info from silver/prices/prices.yml'}", "logger": "checker_handler", "module": "checker_handler"}
{"timestamp": "2025-08-12T16:37:29.747892+00:00", "level": "ERROR", "message": "Checks | silver.prices: Failed to annotate", "logger": "checker_handler", "module": "checker_handler"}
{"timestamp": "2025-08-12T16:37:29.768211+00:00", "level": "ERROR", "message": "CheckerHandler._annotate_dataframe() missing 1 required positional argument: 'metadata_path'", "logger": "checker_handler", "module": "checker_handler"}
{"timestamp": "2025-08-12T16:37:29.868094+00:00", "level": "INFO", "message": "{'step': 'Metadata', 'caller': '_process_table', 'message': 'Fetching metadata for summary_profile'}", "logger": "checker_handler", "module": "checker_handler"}
{"timestamp": "2025-08-12T16:37:30.079141+00:00", "level": "INFO", "message": "{'step': 'Metadata', 'caller': '_process_table', 'message': 'summary_profile metadata fetched'}", "logger": "checker_handler", "module": "checker_handler"}
{"timestamp": "2025-08-12T16:37:30.130983+00:00", "level": "INFO", "message": "{'step': 'Checks', 'caller': '_process_table', 'message': 'silver.summary_profile using info from silver/summary_profile/summary_profile.yml'}", "logger": "checker_handler", "module": "checker_handler"}
{"timestamp": "2025-08-12T16:37:30.135935+00:00", "level": "ERROR", "message": "Checks | silver.summary_profile: Failed to annotate", "logger": "checker_handler", "module": "checker_handler"}
{"timestamp": "2025-08-12T16:37:30.138706+00:00", "level": "ERROR", "message": "CheckerHandler._annotate_dataframe() missing 1 required positional argument: 'metadata_path'", "logger": "checker_handler", "module": "checker_handler"}
{"timestamp": "2025-08-12T16:39:09.826571+00:00", "level": "INFO", "message": "{'step': 'Metadata', 'caller': '_process_table', 'message': 'Fetching metadata for prices'}", "logger": "checker_handler", "module": "checker_handler"}
{"timestamp": "2025-08-12T16:39:09.864925+00:00", "level": "INFO", "message": "{'step': 'Metadata', 'caller': '_process_table', 'message': 'prices metadata fetched'}", "logger": "checker_handler", "module": "checker_handler"}
{"timestamp": "2025-08-12T16:39:09.912999+00:00", "level": "INFO", "message": "{'step': 'Checks', 'caller': '_process_table', 'message': 'silver.prices using info from silver/prices/prices.yml'}", "logger": "checker_handler", "module": "checker_handler"}
{"timestamp": "2025-08-12T16:39:09.927284+00:00", "level": "ERROR", "message": "Checks | silver.prices: Failed to annotate", "logger": "checker_handler", "module": "checker_handler"}
{"timestamp": "2025-08-12T16:39:09.947599+00:00", "level": "ERROR", "message": "'str' object has no attribute 'get'", "logger": "checker_handler", "module": "checker_handler"}
{"timestamp": "2025-08-12T16:39:10.103018+00:00", "level": "INFO", "message": "{'step': 'Metadata', 'caller': '_process_table', 'message': 'Fetching metadata for summary_profile'}", "logger": "checker_handler", "module": "checker_handler"}
{"timestamp": "2025-08-12T16:39:10.139353+00:00", "level": "INFO", "message": "{'step': 'Metadata', 'caller': '_process_table', 'message': 'summary_profile metadata fetched'}", "logger": "checker_handler", "module": "checker_handler"}
{"timestamp": "2025-08-12T16:39:10.149546+00:00", "level": "INFO", "message": "{'step': 'Checks', 'caller': '_process_table', 'message': 'silver.summary_profile using info from silver/summary_profile/summary_profile.yml'}", "logger": "checker_handler", "module": "checker_handler"}
{"timestamp": "2025-08-12T16:39:10.151921+00:00", "level": "ERROR", "message": "Checks | silver.summary_profile: Failed to annotate", "logger": "checker_handler", "module": "checker_handler"}
{"timestamp": "2025-08-12T16:39:10.154646+00:00", "level": "ERROR", "message": "'str' object has no attribute 'get'", "logger": "checker_handler", "module": "checker_handler"}
{"timestamp": "2025-08-12T16:49:05.091543+00:00", "level": "INFO", "message": "{'step': 'Metadata', 'caller': '_process_table', 'message': 'Fetching metadata for prices'}", "logger": "checker_handler", "module": "checker_handler"}
{"timestamp": "2025-08-12T16:49:05.119606+00:00", "level": "INFO", "message": "{'step': 'Metadata', 'caller': '_process_table', 'message': 'prices metadata fetched'}", "logger": "checker_handler", "module": "checker_handler"}
{"timestamp": "2025-08-12T16:49:05.143861+00:00", "level": "INFO", "message": "{'step': 'Checks', 'caller': '_process_table', 'message': 'silver.prices using info from silver/prices/prices.yml'}", "logger": "checker_handler", "module": "checker_handler"}
{"timestamp": "2025-08-12T16:49:05.146055+00:00", "level": "ERROR", "message": "Checks | silver.prices: Failed to annotate 'str' object has no attribute 'get'", "logger": "checker_handler", "module": "checker_handler"}
{"timestamp": "2025-08-12T16:49:05.151132+00:00", "level": "ERROR", "message": "'str' object has no attribute 'get'", "logger": "checker_handler", "module": "checker_handler"}
{"timestamp": "2025-08-12T16:49:05.184184+00:00", "level": "INFO", "message": "{'step': 'Metadata', 'caller': '_process_table', 'message': 'Fetching metadata for summary_profile'}", "logger": "checker_handler", "module": "checker_handler"}
{"timestamp": "2025-08-12T16:49:05.216709+00:00", "level": "INFO", "message": "{'step': 'Metadata', 'caller': '_process_table', 'message': 'summary_profile metadata fetched'}", "logger": "checker_handler", "module": "checker_handler"}
{"timestamp": "2025-08-12T16:49:05.230261+00:00", "level": "INFO", "message": "{'step': 'Checks', 'caller': '_process_table', 'message': 'silver.summary_profile using info from silver/summary_profile/summary_profile.yml'}", "logger": "checker_handler", "module": "checker_handler"}
{"timestamp": "2025-08-12T16:49:05.239139+00:00", "level": "ERROR", "message": "Checks | silver.summary_profile: Failed to annotate 'str' object has no attribute 'get'", "logger": "checker_handler", "module": "checker_handler"}
{"timestamp": "2025-08-12T16:49:05.241031+00:00", "level": "ERROR", "message": "'str' object has no attribute 'get'", "logger": "checker_handler", "module": "checker_handler"}
{"timestamp": "2025-08-12T16:56:12.203366+00:00", "level": "INFO", "message": "{'step': 'Metadata', 'caller': '_process_table', 'message': 'Fetching metadata for prices'}", "logger": "checker_handler", "module": "checker_handler"}
{"timestamp": "2025-08-12T16:56:12.225146+00:00", "level": "INFO", "message": "{'step': 'Metadata', 'caller': '_process_table', 'message': 'prices metadata fetched'}", "logger": "checker_handler", "module": "checker_handler"}
{"timestamp": "2025-08-12T16:56:12.244689+00:00", "level": "INFO", "message": "{'step': 'Checks', 'caller': '_process_table', 'message': 'silver.prices using info from silver/prices/prices.yml'}", "logger": "checker_handler", "module": "checker_handler"}
{"timestamp": "2025-08-12T16:56:12.533849+00:00", "level": "ERROR", "message": "Checks | silver.prices: Failed to annotate 'tuple' object has no attribute 'columns'", "logger": "checker_handler", "module": "checker_handler"}
{"timestamp": "2025-08-12T16:56:12.587883+00:00", "level": "ERROR", "message": "'tuple' object has no attribute 'columns'", "logger": "checker_handler", "module": "checker_handler"}
{"timestamp": "2025-08-12T16:56:12.675594+00:00", "level": "INFO", "message": "{'step': 'Metadata', 'caller': '_process_table', 'message': 'Fetching metadata for summary_profile'}", "logger": "checker_handler", "module": "checker_handler"}
{"timestamp": "2025-08-12T16:56:12.713316+00:00", "level": "INFO", "message": "{'step': 'Metadata', 'caller': '_process_table', 'message': 'summary_profile metadata fetched'}", "logger": "checker_handler", "module": "checker_handler"}
{"timestamp": "2025-08-12T16:56:12.731175+00:00", "level": "INFO", "message": "{'step': 'Checks', 'caller': '_process_table', 'message': 'silver.summary_profile using info from silver/summary_profile/summary_profile.yml'}", "logger": "checker_handler", "module": "checker_handler"}
{"timestamp": "2025-08-12T16:56:13.250204+00:00", "level": "ERROR", "message": "Checks | silver.summary_profile: Failed to annotate 'tuple' object has no attribute 'columns'", "logger": "checker_handler", "module": "checker_handler"}
{"timestamp": "2025-08-12T16:56:13.282363+00:00", "level": "ERROR", "message": "'tuple' object has no attribute 'columns'", "logger": "checker_handler", "module": "checker_handler"}
{"timestamp": "2025-08-12T17:03:00.803831+00:00", "level": "ERROR", "message": "Compilation | Compilation failed because of name 'table_name' is not defined", "logger": "checker_handler", "module": "checker_handler"}
{"timestamp": "2025-08-12T17:11:07.148715+00:00", "level": "ERROR", "message": "Compilation | Compilation failed because of name 'table_name' is not defined", "logger": "checker_handler", "module": "checker_handler"}
{"timestamp": "2025-08-12T17:13:04.289263+00:00", "level": "INFO", "message": "{'step': 'Metadata', 'caller': '_process_table', 'message': 'Fetching metadata for prices'}", "logger": "checker_handler", "module": "checker_handler"}
{"timestamp": "2025-08-12T17:13:04.299312+00:00", "level": "INFO", "message": "{'step': 'Metadata', 'caller': '_process_table', 'message': 'prices metadata fetched'}", "logger": "checker_handler", "module": "checker_handler"}
{"timestamp": "2025-08-12T17:13:04.309867+00:00", "level": "ERROR", "message": "Compilation | Compilation failed because of name 'metadata_path' is not defined", "logger": "checker_handler", "module": "checker_handler"}
{"timestamp": "2025-08-12T17:15:19.739711+00:00", "level": "INFO", "message": "{'step': 'Metadata', 'caller': '_process_table', 'message': 'Fetching metadata for prices'}", "logger": "checker_handler", "module": "checker_handler"}
{"timestamp": "2025-08-12T17:15:19.774436+00:00", "level": "INFO", "message": "{'step': 'Metadata', 'caller': '_process_table', 'message': 'prices metadata fetched'}", "logger": "checker_handler", "module": "checker_handler"}
{"timestamp": "2025-08-12T17:15:19.824633+00:00", "level": "INFO", "message": "{'step': 'Checks', 'caller': '_process_table', 'message': 'silver.prices using info from silver/prices/prices.yml'}", "logger": "checker_handler", "module": "checker_handler"}
{"timestamp": "2025-08-12T17:15:20.054863+00:00", "level": "ERROR", "message": "Checks | silver.prices: Failed to annotate 'tuple' object has no attribute 'columns'", "logger": "checker_handler", "module": "checker_handler"}
{"timestamp": "2025-08-12T17:15:20.063619+00:00", "level": "ERROR", "message": "'tuple' object has no attribute 'columns'", "logger": "checker_handler", "module": "checker_handler"}
{"timestamp": "2025-08-12T17:15:20.119226+00:00", "level": "INFO", "message": "{'step': 'Metadata', 'caller': '_process_table', 'message': 'Fetching metadata for summary_profile'}", "logger": "checker_handler", "module": "checker_handler"}
{"timestamp": "2025-08-12T17:15:20.294647+00:00", "level": "INFO", "message": "{'step': 'Metadata', 'caller': '_process_table', 'message': 'summary_profile metadata fetched'}", "logger": "checker_handler", "module": "checker_handler"}
{"timestamp": "2025-08-12T17:15:20.353894+00:00", "level": "INFO", "message": "{'step': 'Checks', 'caller': '_process_table', 'message': 'silver.summary_profile using info from silver/summary_profile/summary_profile.yml'}", "logger": "checker_handler", "module": "checker_handler"}
{"timestamp": "2025-08-12T17:15:20.541436+00:00", "level": "ERROR", "message": "Checks | silver.summary_profile: Failed to annotate 'tuple' object has no attribute 'columns'", "logger": "checker_handler", "module": "checker_handler"}
{"timestamp": "2025-08-12T17:15:20.544341+00:00", "level": "ERROR", "message": "'tuple' object has no attribute 'columns'", "logger": "checker_handler", "module": "checker_handler"}
{"timestamp": "2025-08-12T17:33:07.498832+00:00", "level": "INFO", "message": "{'step': 'Metadata', 'caller': '_process_table', 'message': 'Fetching metadata for prices'}", "logger": "checker_handler", "module": "checker_handler"}
{"timestamp": "2025-08-12T17:33:07.518586+00:00", "level": "INFO", "message": "{'step': 'Metadata', 'caller': '_process_table', 'message': 'prices metadata fetched'}", "logger": "checker_handler", "module": "checker_handler"}
{"timestamp": "2025-08-12T17:33:07.544095+00:00", "level": "INFO", "message": "{'step': 'Checks', 'caller': '_process_table', 'message': 'Checking silver.prices using info from silver/prices/prices.yml'}", "logger": "checker_handler", "module": "checker_handler"}
{"timestamp": "2025-08-12T17:33:07.675941+00:00", "level": "ERROR", "message": "Checks | silver.prices: Failed to annotate list index out of range", "logger": "checker_handler", "module": "checker_handler"}
{"timestamp": "2025-08-12T17:33:07.678471+00:00", "level": "ERROR", "message": "list index out of range", "logger": "checker_handler", "module": "checker_handler"}
{"timestamp": "2025-08-12T17:33:07.693492+00:00", "level": "INFO", "message": "{'step': 'Metadata', 'caller': '_process_table', 'message': 'Fetching metadata for summary_profile'}", "logger": "checker_handler", "module": "checker_handler"}
{"timestamp": "2025-08-12T17:33:07.757084+00:00", "level": "INFO", "message": "{'step': 'Metadata', 'caller': '_process_table', 'message': 'summary_profile metadata fetched'}", "logger": "checker_handler", "module": "checker_handler"}
{"timestamp": "2025-08-12T17:33:07.780623+00:00", "level": "INFO", "message": "{'step': 'Checks', 'caller': '_process_table', 'message': 'Checking silver.summary_profile using info from silver/summary_profile/summary_profile.yml'}", "logger": "checker_handler", "module": "checker_handler"}
{"timestamp": "2025-08-12T17:33:09.611823+00:00", "level": "INFO", "message": "{'step': 'Checks | silver.summary_profile', 'caller': '_log_duration', 'message': 'completed in 1.79 seconds'}", "logger": "checker_handler", "module": "checker_handler"}
{"timestamp": "2025-08-12T17:34:41.715675+00:00", "level": "INFO", "message": "{'step': 'Metadata', 'caller': '_process_table', 'message': 'Fetching metadata for prices'}", "logger": "checker_handler", "module": "checker_handler"}
{"timestamp": "2025-08-12T17:34:41.952274+00:00", "level": "INFO", "message": "{'step': 'Metadata', 'caller': '_process_table', 'message': 'prices metadata fetched'}", "logger": "checker_handler", "module": "checker_handler"}
{"timestamp": "2025-08-12T17:34:42.164642+00:00", "level": "INFO", "message": "{'step': 'Checks', 'caller': '_process_table', 'message': 'Checking silver.prices using info from silver/prices/prices.yml'}", "logger": "checker_handler", "module": "checker_handler"}
{"timestamp": "2025-08-12T17:34:42.485183+00:00", "level": "ERROR", "message": "Checks | silver.prices: Failed to annotate list index out of range", "logger": "checker_handler", "module": "checker_handler"}
{"timestamp": "2025-08-12T17:34:42.499576+00:00", "level": "ERROR", "message": "list index out of range", "logger": "checker_handler", "module": "checker_handler"}
{"timestamp": "2025-08-12T17:34:42.545282+00:00", "level": "INFO", "message": "{'step': 'Metadata', 'caller': '_process_table', 'message': 'Fetching metadata for summary_profile'}", "logger": "checker_handler", "module": "checker_handler"}
{"timestamp": "2025-08-12T17:34:42.563742+00:00", "level": "INFO", "message": "{'step': 'Metadata', 'caller': '_process_table', 'message': 'summary_profile metadata fetched'}", "logger": "checker_handler", "module": "checker_handler"}
{"timestamp": "2025-08-12T17:34:42.604522+00:00", "level": "INFO", "message": "{'step': 'Checks', 'caller': '_process_table', 'message': 'Checking silver.summary_profile using info from silver/summary_profile/summary_profile.yml'}", "logger": "checker_handler", "module": "checker_handler"}
{"timestamp": "2025-08-12T17:34:44.221367+00:00", "level": "INFO", "message": "{'step': 'Checks | silver.summary_profile', 'caller': '_log_duration', 'message': 'completed in 1.58 seconds'}", "logger": "checker_handler", "module": "checker_handler"}
